0 info it worked if it ends with ok
1 verbose cli [ '/usr/bin/node', '/usr/bin/npm', 'publish' ]
2 info using npm@1.4.28
3 info using node@v0.10.37
4 verbose node symlink /usr/bin/node
5 verbose publish [ '.' ]
6 verbose cache add [ '.', null ]
7 verbose cache add name=undefined spec="." args=[".",null]
8 verbose parsed url { protocol: null,
8 verbose parsed url   slashes: null,
8 verbose parsed url   auth: null,
8 verbose parsed url   host: null,
8 verbose parsed url   port: null,
8 verbose parsed url   hostname: null,
8 verbose parsed url   hash: null,
8 verbose parsed url   search: null,
8 verbose parsed url   query: null,
8 verbose parsed url   pathname: '.',
8 verbose parsed url   path: '.',
8 verbose parsed url   href: '.' }
9 silly lockFile 3a52ce78- .
10 verbose lock . /home/ted/.npm/3a52ce78-.lock
11 verbose tar pack [ '/home/ted/.npm/nodebb-plugin-ted/0.2.0/package.tgz', '.' ]
12 verbose tarball /home/ted/.npm/nodebb-plugin-ted/0.2.0/package.tgz
13 verbose folder .
14 info prepublish nodebb-plugin-ted@0.2.0
15 silly lockFile 1f1177db-tar tar://.
16 verbose lock tar://. /home/ted/.npm/1f1177db-tar.lock
17 silly lockFile 8bd4f7ad-ebb-plugin-ted-0-2-0-package-tgz tar:///home/ted/.npm/nodebb-plugin-ted/0.2.0/package.tgz
18 verbose lock tar:///home/ted/.npm/nodebb-plugin-ted/0.2.0/package.tgz /home/ted/.npm/8bd4f7ad-ebb-plugin-ted-0-2-0-package-tgz.lock
19 silly lockFile 1f1177db-tar tar://.
20 silly lockFile 1f1177db-tar tar://.
21 silly lockFile 8bd4f7ad-ebb-plugin-ted-0-2-0-package-tgz tar:///home/ted/.npm/nodebb-plugin-ted/0.2.0/package.tgz
22 silly lockFile 8bd4f7ad-ebb-plugin-ted-0-2-0-package-tgz tar:///home/ted/.npm/nodebb-plugin-ted/0.2.0/package.tgz
23 silly lockFile 095570ae--nodebb-plugin-ted-0-2-0-package /home/ted/.npm/nodebb-plugin-ted/0.2.0/package
24 verbose lock /home/ted/.npm/nodebb-plugin-ted/0.2.0/package /home/ted/.npm/095570ae--nodebb-plugin-ted-0-2-0-package.lock
25 silly lockFile 095570ae--nodebb-plugin-ted-0-2-0-package /home/ted/.npm/nodebb-plugin-ted/0.2.0/package
26 silly lockFile 095570ae--nodebb-plugin-ted-0-2-0-package /home/ted/.npm/nodebb-plugin-ted/0.2.0/package
27 silly lockFile 3a52ce78- .
28 silly lockFile 3a52ce78- .
29 silly publish { name: 'nodebb-plugin-ted',
29 silly publish   version: '0.2.0',
29 silly publish   description: 'NodeBB TED Plugin',
29 silly publish   main: 'library.js',
29 silly publish   repository:
29 silly publish    { type: 'git',
29 silly publish      url: 'https://github.com/tedr56/nodebb-plugin-ted' },
29 silly publish   nbbpm: { compatibility: '^0.7.0 || ^0.8.0 || ^0.9.0' },
29 silly publish   keywords: [ 'nodebb', 'plugin', 'ted', 'video', 'embed' ],
29 silly publish   author: { name: 'tedr56', url: 'https://github.com/tedr56/' },
29 silly publish   license: 'BSD-2-Clause',
29 silly publish   bugs: { url: 'https://github.com/tedr56/nodebb-plugin-ted/issues' },
29 silly publish   readme: '# NodeBB Ted Plugin\n\nThis NodeBB plugin allows users to embed Ted videos inline in their posts. See discussion thread for this plugin on [NodeBB Meta Discussion](http://try.nodebb.org/topic/211/nodebb-plugin-youtube-youtube-embed-plugin) for more details.\n\n## Installation\n\n    npm install nodebb-plugin-ted\n\n## Use\n\n    Just drop the link to your Ted\'s Condeference page in the NodeBB Compositor.\n\n## Screenshots\n\n![ted-plugin.png](https://i.imgur.com/XOKbuzo.png) \n',
29 silly publish   readmeFilename: 'README.md',
29 silly publish   _id: 'nodebb-plugin-ted@0.2.0',
29 silly publish   _from: '.',
29 silly publish   gitHead: 'b5885c178f66c0ff66c0a780387f4b056b26d0a0',
29 silly publish   homepage: 'https://github.com/tedr56/nodebb-plugin-ted',
29 silly publish   scripts: {},
29 silly publish   _shasum: '70c8e0720dadc638289f01ab10c844197fbd231a' }
30 verbose request where is /nodebb-plugin-ted
31 verbose request registry https://registry.npmjs.org/
32 verbose request id 9e2e64a2542a4f33
33 verbose url raw /nodebb-plugin-ted
34 verbose url resolving [ 'https://registry.npmjs.org/', './nodebb-plugin-ted' ]
35 verbose url resolved https://registry.npmjs.org/nodebb-plugin-ted
36 verbose request where is https://registry.npmjs.org/nodebb-plugin-ted
37 info trying registry request attempt 1 at 16:20:11
38 http PUT https://registry.npmjs.org/nodebb-plugin-ted
39 http 403 https://registry.npmjs.org/nodebb-plugin-ted
40 verbose headers { 'content-type': 'application/json',
40 verbose headers   'cache-control': 'max-age=60',
40 verbose headers   'content-length': '95',
40 verbose headers   'accept-ranges': 'bytes',
40 verbose headers   date: 'Tue, 08 Dec 2015 15:20:12 GMT',
40 verbose headers   via: '1.1 varnish',
40 verbose headers   connection: 'keep-alive',
40 verbose headers   'x-served-by': 'cache-fra1234-FRA',
40 verbose headers   'x-cache': 'MISS',
40 verbose headers   'x-cache-hits': '0',
40 verbose headers   'x-timer': 'S1449588011.319408,VS0,VE1380' }
41 error publish Failed PUT 403
42 error Error: "You cannot publish over the previously published version 0.2.0." : nodebb-plugin-ted
42 error     at RegClient.<anonymous> (/usr/lib/node_modules/npm/node_modules/npm-registry-client/lib/request.js:308:14)
42 error     at Request._callback (/usr/lib/node_modules/npm/node_modules/npm-registry-client/lib/request.js:246:65)
42 error     at Request.self.callback (/usr/lib/node_modules/npm/node_modules/request/request.js:236:22)
42 error     at Request.emit (events.js:98:17)
42 error     at Request.<anonymous> (/usr/lib/node_modules/npm/node_modules/request/request.js:1142:14)
42 error     at Request.emit (events.js:117:20)
42 error     at IncomingMessage.<anonymous> (/usr/lib/node_modules/npm/node_modules/request/request.js:1096:12)
42 error     at IncomingMessage.emit (events.js:117:20)
42 error     at _stream_readable.js:944:16
42 error     at process._tickCallback (node.js:448:13)
43 error If you need help, you may report this *entire* log,
43 error including the npm and node versions, at:
43 error     <http://github.com/npm/npm/issues>
44 error System Linux 3.19.0-22-generic
45 error command "/usr/bin/node" "/usr/bin/npm" "publish"
46 error cwd /home/ted/Sources/git/nodebb-plugin-ted
47 error node -v v0.10.37
48 error npm -v 1.4.28
49 verbose exit [ 1, true ]
